20200324-111912.819 Running extraction for 2020-03-24 08:00:00 from ./html/COVID-19-austria.bmsgpk.20200324-1119.html 
20200324-111912.878 WARN: No record for Recovered found 
20200324-161817.752 Running extraction for 2020-03-24 15:00:00 from ./html/COVID-19-austria.bmsgpk.20200324-1618.html 
20200324-161817.804 WARN: No record for Recovered found 
20200325-093944.699 Running extraction for 2020-03-25 08:00:00 from ./html/COVID-19-austria.bmsgpk.20200325-0939.html 
20200325-093944.763 WARN: No record for Recovered found 
20200325-100817.965 Running extraction for 2020-03-25 08:00:00 from ./html/COVID-19-austria.bmsgpk.20200325-1008.html 
20200325-100818.030 WARN: No record for Recovered found 
20200325-150840.545 Running extraction for 2020-03-25 15:00:00 from ./html/COVID-19-austria.bmsgpk.20200325-1508.html 
20200325-150840.679 WARN: No record for Recovered found 
20200325-175756.599 Running COVID-19-bmsgpk-extract.R 
20200325-181056.167 Analysing dump file html/COVID-19-austria.detail.20200324-1412.dmp 
20200325-181520.892 Analysing dump file html/COVID-19-austria.detail.20200324-1412.dmp 
20200325-182118.752 Analysing dump file html/COVID-19-austria.detail.20200325-0940.dmp 
20200325-182128.479 Aktualisierung 2020-03-25 09:30:00 
20200325-182128.491 Erkrankungen 5427 
20200325-182128.505 Hospitalisiert 227 
20200325-182128.517 IntensivStation 26 
20200325-182128.534 MilderVerlauf 5200 
20200325-182403.482 Aktualisierung 2020-03-24 14:00:00 
20200325-182403.495 Erkrankungen 4846 
20200325-182403.516 Hospitalisiert 186 
20200325-182403.531 IntensivStation 18 
20200325-182403.545 MilderVerlauf 4660 
20200325-182513.522 Aktualisierung 2020-03-25 09:30:00 
20200325-182513.538 Erkrankungen 5427 
20200325-182513.555 Hospitalisiert 227 
20200325-182513.573 IntensivStation 26 
20200325-182513.587 MilderVerlauf 5200 
20200325-182608.184 Aktualisierung 2020-03-25 15:00:00 
20200325-182608.203 Erkrankungen 5588 
20200325-182608.221 Hospitalisiert 247 
20200325-182608.235 IntensivStation 28 
20200325-182608.369 MilderVerlauf 5341 
20200326-094812.594 Running COVID-19-bmsgpk-extract.R 
20200326-094813.215 Dumping bmsgpk page to ./html/COVID-19-austria.bmsgpk.20200326-0948.html 
20200326-094813.453 Parsing dump of bmsgpk page in ./html/COVID-19-austria.bmsgpk.20200326-0948.html 
20200326-094820.037 Running extraction for 2020-03-26 09:00:00 from ./html/COVID-19-austria.bmsgpk.20200326-0948.html 
20200326-094820.052 Tested 35995 
20200326-094826.619 Confirmed 
20200326-094826.653 Confirmed 6001 
20200326-094833.298 WARN: No record for Recovered found 
20200326-094840.101 Deaths 42 
20200326-155628.697 Running COVID-19-bmsgpk-extract.R 
20200326-155628.827 Dumping bmsgpk page to ./html/COVID-19-austria.bmsgpk.20200326-1556.html 
20200326-155629.289 Parsing dump of bmsgpk page in ./html/COVID-19-austria.bmsgpk.20200326-1556.html 
20200326-155629.337 Running extraction for 2020-03-26 15:00:00 from ./html/COVID-19-austria.bmsgpk.20200326-1556.html 
20200326-155629.344 Tested 35995 
20200326-155629.345 Confirmed 
20200326-155629.361 Confirmed 6398 
20200326-155629.363 WARN: No record for Recovered found 
20200326-155629.376 Deaths 49 
20200327-170330.346 Running COVID-19-bmsgpk-extract.R 
20200327-170330.368 Calling scrapeCovid with 20200327-1703 
20200327-170330.496 Scraping "https://www.sozialministerium.at/Informationen-zum-Coronavirus/Neuartiges-Coronavirus-(2019-nCov).html" 
20200327-170330.497 Dumping page to ./html/COVID-19-austria.bmsgpk.20200327-1703.html 
20200327-170330.681 Parsing dump in ./html/COVID-19-austria.bmsgpk.20200327-1703.html 
20200327-170330.747 WARN: no LastUpdated found 
20200327-170330.752 Tested 39552 
20200327-170330.754 Confirmed 
20200327-170330.767 Confirmed 7399 
20200327-170330.770 WARN: No record for Recovered found 
20200327-170330.777 Deaths 58 
20200327-170330.788 Calling scrapeHospitalisierung with 20200327-1703 
20200327-170330.904 Scraping https://www.sozialministerium.at/Informationen-zum-Coronavirus/Dashboard/Zahlen-zur-Hospitalisierung 
20200327-170330.906 Dumping page to ./html/COVID-19-austria.regions.20200327-1703.dmp 
20200327-170331.083 Reading dump from ./html/COVID-19-austria.regions.20200327-1703.dmp 
20200327-170331.138 Extracting table of Confirmed cases for 100+ regions 
20200327-170331.203 Calling scrapeInfo with 20200327-1703 
20200327-170331.248 Scraping using headless chrome for https://info.gesundheitsministerium.at/ 
20200327-170331.249 Dumping page to ./html/COVID-19-austria.info.20200327-1703.dmp 
20200327-170333.704 Analysing dump file ./html/COVID-19-austria.info.20200327-1703.dmp 
20200327-170333.842 Aktualisierung 2020-03-27 17:00:00 
20200327-170333.845 Erkrankungen 7557 
20200327-170333.847 Extracting table of Confirmed in 100+ regions 
20200327-170333.918 Writing new data to ./data/COVID-19-austria.csv 
20200327-170333.947 Writing new data to ./data/COVID-19-austria.hospital.csv 
20200327-170333.960 Writing new data to ./data/COVID-19-austria.regions.csv 
20200327-170333.985 Done runing data extraction from bmsgpk web pages 
20200328-110540.971 Running COVID-19-bmsgpk-extract.R 
20200328-110540.980 Calling scrapeCovid with 20200328-1105 
20200328-110541.086 Scraping "https://www.sozialministerium.at/Informationen-zum-Coronavirus/Neuartiges-Coronavirus-(2019-nCov).html" 
20200328-110541.088 Dumping page to ./html/COVID-19-austria.bmsgpk.20200328-1105.html 
20200328-110541.277 Parsing dump in ./html/COVID-19-austria.bmsgpk.20200328-1105.html 
20200328-110541.379 WARN: no LastUpdated found 
20200328-110541.432 Tested 42750 
20200328-110541.433 Confirmed 
20200328-110541.438 Confirmed 7697 
20200328-110541.440 WARN: No record for Recovered found 
20200328-110541.445 Deaths 68 
20200328-110541.467 Calling scrapeHospitalisierung with 20200328-1105 
20200328-110541.505 Scraping https://www.sozialministerium.at/Informationen-zum-Coronavirus/Dashboard/Zahlen-zur-Hospitalisierung 
20200328-110541.507 Dumping page to ./html/COVID-19-austria.regions.20200328-1105.dmp 
20200328-110541.673 Reading dump from ./html/COVID-19-austria.regions.20200328-1105.dmp 
20200328-110541.732 Extracting table of Confirmed cases for 100+ regions 
20200328-110541.806 Calling scrapeInfo with 20200328-1105 
20200328-110541.841 Scraping using headless chrome for https://info.gesundheitsministerium.at/ 
20200328-110541.842 Dumping page to ./html/COVID-19-austria.info.20200328-1105.dmp 
20200328-110544.367 Analysing dump file ./html/COVID-19-austria.info.20200328-1105.dmp 
20200328-110544.541 Aktualisierung 2020-03-28 11:00:00 
20200328-110544.543 Erkrankungen 7823 
20200328-110544.544 Extracting table of Confirmed in 100+ regions 
20200328-110544.594 Writing new data to ./data/COVID-19-austria.csv 
20200328-110544.605 Writing new data to ./data/COVID-19-austria.hospital.csv 
20200328-110544.660 Writing new data to ./data/COVID-19-austria.regions.csv 
20200328-110544.680 Done runing data extraction from bmsgpk web pages 
20200328-195747.860 Running COVID-19-bmsgpk-extract.R 
20200328-195747.891 Calling scrapeCovid with 20200328-1957 
20200328-195748.005 Scraping "https://www.sozialministerium.at/Informationen-zum-Coronavirus/Neuartiges-Coronavirus-(2019-nCov).html" 
20200328-195748.006 Dumping page to ./html/COVID-19-austria.bmsgpk.20200328-1957.html 
20200328-195748.184 Parsing dump in ./html/COVID-19-austria.bmsgpk.20200328-1957.html 
20200328-195748.286 WARN: no LastUpdated found 
20200328-195748.289 Tested 42750 
20200328-195748.291 Confirmed 
20200328-195748.308 Confirmed 7995 
20200328-195748.311 WARN: No record for Recovered found 
20200328-195748.317 Deaths 68 
20200328-195748.324 Calling scrapeHospitalisierung with 20200328-1957 
20200328-195748.446 Scraping https://www.sozialministerium.at/Informationen-zum-Coronavirus/Dashboard/Zahlen-zur-Hospitalisierung 
20200328-195748.448 Dumping page to ./html/COVID-19-austria.regions.20200328-1957.dmp 
20200328-195748.642 Reading dump from ./html/COVID-19-austria.regions.20200328-1957.dmp 
20200328-195748.697 Extracting table of Confirmed cases for 100+ regions 
20200328-195748.748 Calling scrapeInfo with 20200328-1957 
20200328-195748.792 Scraping using headless chrome for https://info.gesundheitsministerium.at/ 
20200328-195748.793 Dumping page to ./html/COVID-19-austria.info.20200328-1957.dmp 
20200328-195750.980 Analysing dump file ./html/COVID-19-austria.info.20200328-1957.dmp 
20200328-195751.059 Aktualisierung 2020-03-28 19:00:00 
20200328-195751.061 Erkrankungen 8188 
20200328-195751.062 Extracting table of Confirmed in 100+ regions 
20200328-195751.189 Writing new data to ./data/COVID-19-austria.csv 
20200328-195751.198 Writing new data to ./data/COVID-19-austria.hospital.csv 
20200328-195751.204 Writing new data to ./data/COVID-19-austria.regions.csv 
20200328-195751.223 Done runing data extraction from bmsgpk web pages 
20200329-110753.717 Running COVID-19-bmsgpk-extract.R 
20200329-110753.733 Calling scrapeCovid with 20200329-1107 
20200329-110753.920 Scraping "https://www.sozialministerium.at/Informationen-zum-Coronavirus/Neuartiges-Coronavirus-(2019-nCov).html" 
20200329-110753.921 Dumping page to ./html/COVID-19-austria.bmsgpk.20200329-1107.html 
20200329-110754.101 Parsing dump in ./html/COVID-19-austria.bmsgpk.20200329-1107.html 
20200329-110754.163 WARN: no LastUpdated found 
20200329-110754.166 Tested 46441 
20200329-110754.167 Confirmed 
20200329-110754.172 Confirmed 8291 
20200329-110754.173 WARN: No record for Recovered found 
20200329-110754.177 Deaths 86 
20200329-110754.183 Calling scrapeHospitalisierung with 20200329-1107 
20200329-110754.211 Scraping https://www.sozialministerium.at/Informationen-zum-Coronavirus/Dashboard/Zahlen-zur-Hospitalisierung 
20200329-110754.212 Dumping page to ./html/COVID-19-austria.regions.20200329-1107.html 
20200329-110754.384 Reading dump from ./html/COVID-19-austria.regions.20200329-1107.html 
20200329-110754.440 Extracting table of Confirmed cases for 100+ regions 
20200329-110754.469 Calling scrapeInfo with 20200329-1107 
20200329-110754.511 Scraping using headless chrome for https://info.gesundheitsministerium.at/ 
20200329-110754.512 Dumping page to ./html/COVID-19-austria.info.20200329-1107.dmp 
20200329-110756.679 Analysing dump file ./html/COVID-19-austria.info.20200329-1107.dmp 
20200329-110756.766 Aktualisierung 2020-03-29 11:00:00 
20200329-110756.768 Erkrankungen 8395 
20200329-110756.769 Extracting table of Confirmed in 100+ regions 
20200329-110756.914 Writing new data to ./data/COVID-19-austria.csv 
20200329-110756.924 Writing new data to ./data/COVID-19-austria.hospital.csv 
20200329-110756.931 Writing new data to ./data/COVID-19-austria.regions.csv 
20200329-110756.954 Done runing data extraction from bmsgpk web pages 
20200329-123945.984 Scraping https://www.sozialministerium.at/Informationen-zum-Coronavirus/Dashboard/Zahlen-zur-Hospitalisierung 
20200329-123945.985 Dumping page to ./html/COVID-19-austria.regions.20200329-1239.html 
20200329-123946.172 Reading dump from ./html/COVID-19-austria.regions.20200329-1239.html 
20200329-123946.246 Extracting table of Confirmed cases for 100+ regions 
20200329-124503.995 Running COVID-19-bmsgpk-extract.R 
20200329-124504.043 Calling scrapeCovid with 20200329-1245 
20200329-124504.130 Scraping "https://www.sozialministerium.at/Informationen-zum-Coronavirus/Neuartiges-Coronavirus-(2019-nCov).html" 
20200329-124504.132 Dumping page to ./html/COVID-19-austria.bmsgpk.20200329-1245.html 
20200329-124504.310 Parsing dump in ./html/COVID-19-austria.bmsgpk.20200329-1245.html 
20200329-124504.378 WARN: no LastUpdated found 
20200329-124504.382 Tested 46441 
20200329-124504.383 Confirmed 
20200329-124504.389 Confirmed 8291 
20200329-124504.391 WARN: No record for Recovered found 
20200329-124504.398 Deaths 86 
20200329-124504.406 Calling scrapeHospitalisierung with 20200329-1245 
20200329-124504.452 Scraping https://www.sozialministerium.at/Informationen-zum-Coronavirus/Dashboard/Zahlen-zur-Hospitalisierung 
20200329-124504.454 Dumping page to ./html/COVID-19-austria.regions.20200329-1245.html 
20200329-124504.614 Reading dump from ./html/COVID-19-austria.regions.20200329-1245.html 
20200329-124504.635 Calling scrapeInfo with 20200329-1245 
20200329-124504.684 Scraping using headless chrome for https://info.gesundheitsministerium.at/ 
20200329-124504.685 Dumping page to ./html/COVID-19-austria.info.20200329-1245.dmp 
20200329-124506.782 Analysing dump file ./html/COVID-19-austria.info.20200329-1245.dmp 
20200329-124506.818 Aktualisierung 2020-03-29 12:00:00 
20200329-124506.821 Erkrankungen 8411 
20200329-124506.823 Extracting table of Confirmed in 100+ regions 
20200329-124506.907 Writing new data to ./data/COVID-19-austria.csv 
20200329-124506.917 Writing new data to ./data/COVID-19-austria.hospital.csv 
20200329-124506.929 Writing new data to ./data/COVID-19-austria.regions.csv 
20200329-124506.943 Done runing data extraction from bmsgpk web pages 
20200329-125045.508 Running COVID-19-bmsgpk-extract.R 
20200329-125045.560 Calling scrapeCovid with 20200329-1250 
20200329-125045.635 Scraping "https://www.sozialministerium.at/Informationen-zum-Coronavirus/Neuartiges-Coronavirus-(2019-nCov).html" 
20200329-125045.636 Dumping page to ./html/COVID-19-austria.bmsgpk.20200329-1250.html 
20200329-125045.806 Parsing dump in ./html/COVID-19-austria.bmsgpk.20200329-1250.html 
20200329-125045.878 WARN: no LastUpdated found 
20200329-125045.883 Tested 46441 
20200329-125045.885 Confirmed 
20200329-125045.891 Confirmed 8291 
20200329-125045.893 WARN: No record for Recovered found 
20200329-125045.900 Deaths 86 
20200329-125045.908 Calling scrapeHospitalisierung with 20200329-1250 
20200329-125045.955 Scraping https://www.sozialministerium.at/Informationen-zum-Coronavirus/Dashboard/Zahlen-zur-Hospitalisierung 
20200329-125045.956 Dumping page to ./html/COVID-19-austria.regions.20200329-1250.html 
20200329-125046.124 Reading dump from ./html/COVID-19-austria.regions.20200329-1250.html 
20200329-125046.139 Extracting table of Confirmed cases for 100+ regions 
20200329-125046.262 Calling scrapeInfo with 20200329-1250 
20200329-125046.288 Scraping using headless chrome for https://info.gesundheitsministerium.at/ 
20200329-125046.289 Dumping page to ./html/COVID-19-austria.info.20200329-1250.dmp 
20200329-125048.306 Analysing dump file ./html/COVID-19-austria.info.20200329-1250.dmp 
20200329-125048.341 Aktualisierung 2020-03-29 12:00:00 
20200329-125048.343 Erkrankungen 8411 
20200329-125048.344 Extracting table of Confirmed in 100+ regions 
20200329-125048.396 Writing new data to ./data/COVID-19-austria.csv 
20200329-125048.412 Writing new data to ./data/COVID-19-austria.hospital.csv 
20200329-125048.420 Writing new data to ./data/COVID-19-austria.regions.csv 
20200329-125048.432 Done runing data extraction from bmsgpk web pages 
20200329-163448.348 Running COVID-19-bmsgpk-extract.R 
20200329-163448.400 Calling scrapeCovid with 20200329-1634 
20200329-163448.483 Scraping "https://www.sozialministerium.at/Informationen-zum-Coronavirus/Neuartiges-Coronavirus-(2019-nCov).html" 
20200329-163448.484 Dumping page to ./html/COVID-19-austria.bmsgpk.20200329-1634.html 
20200329-163448.696 Parsing dump in ./html/COVID-19-austria.bmsgpk.20200329-1634.html 
20200329-163448.754 WARN: no LastUpdated found 
20200329-163448.758 Tested 46441 
20200329-163448.759 Confirmed 
20200329-163448.764 Confirmed 8536 
20200329-163448.765 WARN: No record for Recovered found 
20200329-163448.770 Deaths 86 
20200329-163448.776 Calling scrapeHospitalisierung with 20200329-1634 
20200329-163448.806 Scraping https://www.sozialministerium.at/Informationen-zum-Coronavirus/Dashboard/Zahlen-zur-Hospitalisierung 
20200329-163448.808 Dumping page to ./html/COVID-19-austria.regions.20200329-1634.html 
20200329-163449.004 Reading dump from ./html/COVID-19-austria.regions.20200329-1634.html 
20200329-163449.031 Extracting table of Confirmed cases for 100+ regions 
20200329-163449.149 Calling scrapeInfo with 20200329-1634 
20200329-163449.176 Scraping using headless chrome for https://info.gesundheitsministerium.at/ 
20200329-163449.177 Dumping page to ./html/COVID-19-austria.info.20200329-1634.dmp 
20200329-163451.504 Analysing dump file ./html/COVID-19-austria.info.20200329-1634.dmp 
20200329-163451.540 Aktualisierung 2020-03-29 16:00:00 
20200329-163451.542 Erkrankungen 8581 
20200329-163451.543 Extracting table of Confirmed in 100+ regions 
20200329-163451.588 Writing new data to ./data/COVID-19-austria.csv 
20200329-163451.602 Writing new data to ./data/COVID-19-austria.hospital.csv 
20200329-163451.608 Writing new data to ./data/COVID-19-austria.regions.csv 
20200329-163451.620 Done runing data extraction from bmsgpk web pages 
20200330-110404.421 Running COVID-19-bmsgpk-extract.R 
20200330-110404.456 Calling scrapeCovid with 20200330-1104 
20200330-110404.578 Scraping "https://www.sozialministerium.at/Informationen-zum-Coronavirus/Neuartiges-Coronavirus-(2019-nCov).html" 
20200330-110404.579 Dumping page to ./html/COVID-19-austria.bmsgpk.20200330-1104.html 
20200330-110404.810 Parsing dump in ./html/COVID-19-austria.bmsgpk.20200330-1104.html 
20200330-110404.885 Last Updated 2020-03-30 08:00:00 
20200330-110404.895 Tested 49455 
20200330-110404.896 Confirmed 
20200330-110404.904 Confirmed 8813 
20200330-110404.910 Recovered 479 
20200330-110404.917 Deaths 86 
20200330-110404.929 Calling scrapeHospitalisierung with 20200330-1104 
20200330-110404.972 Scraping https://www.sozialministerium.at/Informationen-zum-Coronavirus/Dashboard/Zahlen-zur-Hospitalisierung 
20200330-110404.973 Dumping page to ./html/COVID-19-austria.regions.20200330-1104.html 
20200330-110405.179 Reading dump from ./html/COVID-19-austria.regions.20200330-1104.html 
20200330-110405.193 Extracting table of Confirmed cases for 100+ regions 
20200330-110405.327 Calling scrapeInfo with 20200330-1104 
20200330-110405.366 Scraping using headless chrome for https://info.gesundheitsministerium.at/ 
20200330-110405.370 Dumping page to ./html/COVID-19-austria.info.20200330-1104.dmp 
20200330-110407.522 Analysing dump file ./html/COVID-19-austria.info.20200330-1104.dmp 
20200330-110407.560 Aktualisierung 2020-03-30 10:00:00 
20200330-110407.562 Erkrankungen 8958 
20200330-110407.563 Extracting table of Confirmed in 100+ regions 
20200330-110407.616 Writing new data to ./data/COVID-19-austria.csv 
20200330-110407.634 Writing new data to ./data/COVID-19-austria.hospital.csv 
20200330-110407.643 Writing new data to ./data/COVID-19-austria.regions.csv 
20200330-110407.662 Done runing data extraction from bmsgpk web pages 
20200330-175413.751 Running COVID-19-bmsgpk-extract.R 
20200330-175413.799 Calling scrapeCovid with 20200330-1754 
20200330-175413.932 Scraping "https://www.sozialministerium.at/Informationen-zum-Coronavirus/Neuartiges-Coronavirus-(2019-nCov).html" 
20200330-175413.934 Dumping page to ./html/COVID-19-austria.bmsgpk.20200330-1754.html 
20200330-175414.121 Parsing dump in ./html/COVID-19-austria.bmsgpk.20200330-1754.html 
20200330-175414.179 Last Updated 2020-03-30 15:00:00 
20200330-175414.188 Tested 49455 
20200330-175414.191 Confirmed 
20200330-175414.199 Confirmed 9377 
20200330-175414.205 Recovered NA 
20200330-175414.216 Deaths 108 
20200330-175414.227 Calling scrapeHospitalisierung with 20200330-1754 
20200330-175414.277 Scraping https://www.sozialministerium.at/Informationen-zum-Coronavirus/Dashboard/Zahlen-zur-Hospitalisierung 
20200330-175414.278 Dumping page to ./html/COVID-19-austria.regions.20200330-1754.html 
20200330-175414.461 Reading dump from ./html/COVID-19-austria.regions.20200330-1754.html 
20200330-175414.476 Extracting table of Confirmed cases for 100+ regions 
20200330-175414.659 Calling scrapeInfo with 20200330-1754 
20200330-175414.701 Scraping using headless chrome for https://info.gesundheitsministerium.at/ 
20200330-175414.702 Dumping page to ./html/COVID-19-austria.info.20200330-1754.dmp 
20200330-175417.092 Analysing dump file ./html/COVID-19-austria.info.20200330-1754.dmp 
20200330-175417.133 Aktualisierung 2020-03-30 17:00:00 
20200330-175417.135 Erkrankungen 9454 
20200330-175417.136 Extracting table of Confirmed in 100+ regions 
20200330-175417.206 Writing new data to ./data/COVID-19-austria.csv 
20200330-175417.225 Writing new data to ./data/COVID-19-austria.hospital.csv 
20200330-175417.237 Writing new data to ./data/COVID-19-austria.regions.csv 
20200330-175417.265 Done runing data extraction from bmsgpk web pages 
20200331-121347.536 Running COVID-19-bmsgpk-extract.R 
20200331-121347.582 Calling scrapeCovid with 20200331-1213 
20200331-121347.698 Scraping "https://www.sozialministerium.at/Informationen-zum-Coronavirus/Neuartiges-Coronavirus-(2019-nCov).html" 
20200331-121347.699 Dumping page to ./html/COVID-19-austria.bmsgpk.20200331-1213.html 
20200331-121347.875 Parsing dump in ./html/COVID-19-austria.bmsgpk.20200331-1213.html 
20200331-121347.969 Last Updated 2020-03-31 08:00:00 
20200331-121347.984 Tested 52344 
20200331-121347.986 Confirmed 
20200331-121347.994 Confirmed 9634 
20200331-121348.009 Recovered NA 
20200331-121348.020 Deaths 128 
20200331-121348.033 Calling scrapeHospitalisierung with 20200331-1213 
20200331-121348.082 Scraping https://www.sozialministerium.at/Informationen-zum-Coronavirus/Dashboard/Zahlen-zur-Hospitalisierung 
20200331-121348.084 Dumping page to ./html/COVID-19-austria.regions.20200331-1213.html 
20200331-121348.251 Reading dump from ./html/COVID-19-austria.regions.20200331-1213.html 
20200331-121348.265 Extracting table of Confirmed cases for 100+ regions 
20200331-121348.418 Calling scrapeInfo with 20200331-1213 
20200331-121348.455 Scraping using headless chrome for https://info.gesundheitsministerium.at/ 
20200331-121348.456 Dumping page to ./html/COVID-19-austria.info.20200331-1213.dmp 
20200331-121350.813 Analysing dump file ./html/COVID-19-austria.info.20200331-1213.dmp 
20200331-121350.857 Aktualisierung 2020-03-31 12:00:00 
20200331-121350.860 Erkrankungen 9851 
20200331-121350.862 Extracting table of Confirmed in 100+ regions 
20200331-121350.938 Writing new data to ./data/COVID-19-austria.csv 
20200331-121350.966 Writing new data to ./data/COVID-19-austria.hospital.csv 
20200331-121350.981 Writing new data to ./data/COVID-19-austria.regions.csv 
20200331-121351.004 Done runing data extraction from bmsgpk web pages 
20200331-123659.972 Running COVID-19-bmsgpk-extract.R 
20200331-123659.991 Calling scrapeCovid with 20200331-1236 
20200331-123700.300 Scraping "https://www.sozialministerium.at/Informationen-zum-Coronavirus/Neuartiges-Coronavirus-(2019-nCov).html" 
20200331-123700.302 Dumping page to ./html/COVID-19-austria.bmsgpk.20200331-1236.html 
20200331-123700.517 Parsing dump in ./html/COVID-19-austria.bmsgpk.20200331-1236.html 
20200331-123700.593 Last Updated 2020-03-31 08:00:00 
20200331-123700.597 Tested 52344 
20200331-123700.598 Confirmed 
20200331-123700.604 Confirmed 9634 
20200331-123700.610 Recovered 1095 
20200331-123700.618 Deaths 128 
20200331-123700.625 Calling scrapeHospitalisierung with 20200331-1236 
20200331-123700.761 Scraping https://www.sozialministerium.at/Informationen-zum-Coronavirus/Dashboard/Zahlen-zur-Hospitalisierung 
20200331-123700.762 Dumping page to ./html/COVID-19-austria.regions.20200331-1236.html 
20200331-123701.041 Reading dump from ./html/COVID-19-austria.regions.20200331-1236.html 
20200331-123701.054 Extracting table of Confirmed cases for 100+ regions 
20200331-123701.100 Calling scrapeInfo with 20200331-1236 
20200331-123701.212 Scraping using headless chrome for https://info.gesundheitsministerium.at/ 
20200331-123701.214 Dumping page to ./html/COVID-19-austria.info.20200331-1236.dmp 
20200331-123703.703 Analysing dump file ./html/COVID-19-austria.info.20200331-1236.dmp 
20200331-123703.815 Aktualisierung 2020-03-31 12:00:00 
20200331-123703.818 Erkrankungen 9851 
20200331-123703.820 Extracting table of Confirmed in 100+ regions 
20200331-123703.900 Writing new data to ./data/COVID-19-austria.csv 
20200331-123703.913 Writing new data to ./data/COVID-19-austria.hospital.csv 
20200331-123704.013 Writing new data to ./data/COVID-19-austria.regions.csv 
20200331-123704.040 Done runing data extraction from bmsgpk web pages 
20200331-124052.210 Running COVID-19-bmsgpk-extract.R 
20200331-124052.251 Calling scrapeCovid with 20200331-1240 
20200331-124052.348 Scraping "https://www.sozialministerium.at/Informationen-zum-Coronavirus/Neuartiges-Coronavirus-(2019-nCov).html" 
20200331-124052.350 Dumping page to ./html/COVID-19-austria.bmsgpk.20200331-1240.html 
20200331-124052.521 Parsing dump in ./html/COVID-19-austria.bmsgpk.20200331-1240.html 
20200331-124052.588 Last Updated 2020-03-31 08:00:00 
20200331-124052.595 Tested 52344 
20200331-124052.597 Confirmed 
20200331-124052.605 Confirmed 9634 
20200331-124052.612 Recovered 1095 
20200331-124052.618 Deaths 128 
20200331-124052.629 Calling scrapeHospitalisierung with 20200331-1240 
20200331-124052.672 Scraping https://www.sozialministerium.at/Informationen-zum-Coronavirus/Dashboard/Zahlen-zur-Hospitalisierung 
20200331-124052.673 Dumping page to ./html/COVID-19-austria.regions.20200331-1240.html 
20200331-124052.831 Reading dump from ./html/COVID-19-austria.regions.20200331-1240.html 
20200331-124052.846 Extracting table of Confirmed cases for 100+ regions 
20200331-124053.004 Calling scrapeInfo with 20200331-1240 
20200331-124053.036 Scraping using headless chrome for https://info.gesundheitsministerium.at/ 
20200331-124053.037 Dumping page to ./html/COVID-19-austria.info.20200331-1240.dmp 
20200331-124055.238 Analysing dump file ./html/COVID-19-austria.info.20200331-1240.dmp 
20200331-124055.287 Aktualisierung 2020-03-31 12:00:00 
20200331-124055.289 Erkrankungen 9851 
20200331-124055.290 Extracting table of Confirmed in 100+ regions 
20200331-124055.353 Writing new data to ./data/COVID-19-austria.csv 
20200331-124055.370 Writing new data to ./data/COVID-19-austria.hospital.csv 
20200331-124055.379 Writing new data to ./data/COVID-19-austria.regions.csv 
20200331-124055.404 Done runing data extraction from bmsgpk web pages 
20200331-160052.363 Running COVID-19-bmsgpk-extract.R 
20200331-160052.417 Calling scrapeCovid with 20200331-1600 
20200331-160052.570 Scraping "https://www.sozialministerium.at/Informationen-zum-Coronavirus/Neuartiges-Coronavirus-(2019-nCov).html" 
20200331-160052.572 Dumping page to ./html/COVID-19-austria.bmsgpk.20200331-1600.html 
20200331-160052.782 Parsing dump in ./html/COVID-19-austria.bmsgpk.20200331-1600.html 
20200331-160052.837 Last Updated 2020-03-31 15:00:00 
20200331-160052.847 Tested 52344 
20200331-160052.849 Confirmed 
20200331-160052.859 Confirmed 9974 
20200331-160052.868 Recovered 1095 
20200331-160052.874 Deaths 128 
20200331-160052.886 Calling scrapeHospitalisierung with 20200331-1600 
20200331-160052.928 Scraping https://www.sozialministerium.at/Informationen-zum-Coronavirus/Dashboard/Zahlen-zur-Hospitalisierung 
20200331-160052.930 Dumping page to ./html/COVID-19-austria.regions.20200331-1600.html 
20200331-160053.128 Reading dump from ./html/COVID-19-austria.regions.20200331-1600.html 
20200331-160053.151 Extracting table of Confirmed cases for 100+ regions 
20200331-160053.330 Calling scrapeInfo with 20200331-1600 
20200331-160053.378 Scraping using headless chrome for https://info.gesundheitsministerium.at/ 
20200331-160053.381 Dumping page to ./html/COVID-19-austria.info.20200331-1600.dmp 
20200331-160055.819 Analysing dump file ./html/COVID-19-austria.info.20200331-1600.dmp 
20200331-160055.884 Aktualisierung 2020-03-31 16:00:00 
20200331-160055.887 Erkrankungen 10019 
20200331-160055.888 Extracting table of Confirmed in 100+ regions 
20200331-160055.965 Writing new data to ./data/COVID-19-austria.csv 
20200331-160055.982 Writing new data to ./data/COVID-19-austria.hospital.csv 
20200331-160055.994 Writing new data to ./data/COVID-19-austria.regions.csv 
20200331-160056.016 Done runing data extraction from bmsgpk web pages 
20200401-122648.251 Running COVID-19-bmsgpk-extract.R 
20200401-122648.312 Calling scrapeCovid with 20200401-1226 
20200401-122648.450 Scraping "https://www.sozialministerium.at/Informationen-zum-Coronavirus/Neuartiges-Coronavirus-(2019-nCov).html" 
20200401-122648.451 Dumping page to ./html/COVID-19-austria.bmsgpk.20200401-1226.html 
20200401-122648.966 Parsing dump in ./html/COVID-19-austria.bmsgpk.20200401-1226.html 
20200401-122649.015 Last Updated 2020-04-01 08:00:00 
20200401-122649.021 Tested 55863 
20200401-122649.023 Confirmed 
20200401-122649.030 Confirmed 10192 
20200401-122649.036 Recovered 1095 
20200401-122649.042 Deaths 146 
20200401-122649.050 Calling scrapeHospitalisierung with 20200401-1226 
20200401-122649.090 Scraping https://www.sozialministerium.at/Informationen-zum-Coronavirus/Dashboard/Zahlen-zur-Hospitalisierung 
20200401-122649.091 Dumping page to ./html/COVID-19-austria.regions.20200401-1226.html 
20200401-122649.629 Reading dump from ./html/COVID-19-austria.regions.20200401-1226.html 
20200401-122649.642 Extracting table of Confirmed cases for 100+ regions 
20200401-122649.790 Calling scrapeInfo with 20200401-1226 
20200401-122649.822 Scraping using headless chrome for https://info.gesundheitsministerium.at/ 
20200401-122649.823 Dumping page to ./html/COVID-19-austria.info.20200401-1226.dmp 
20200401-122703.549 Analysing dump file ./html/COVID-19-austria.info.20200401-1226.dmp 
20200401-122703.606 Aktualisierung 2020-04-01 12:00:00 
20200401-122703.609 Erkrankungen 10387 
20200401-122703.611 Extracting table of Confirmed in 100+ regions 
20200401-122703.686 Writing new data to ./data/COVID-19-austria.csv 
20200401-122703.700 Writing new data to ./data/COVID-19-austria.hospital.csv 
20200401-122703.710 Writing new data to ./data/COVID-19-austria.regions.csv 
20200401-122703.734 Done runing data extraction from bmsgpk web pages 
20200401-125011.629 Running COVID-19-bmsgpk-extract.R 
20200401-125011.666 Calling scrapeCovid with 20200401-1250 
20200401-125011.750 Scraping "https://www.sozialministerium.at/Informationen-zum-Coronavirus/Neuartiges-Coronavirus-(2019-nCov).html" 
20200401-125011.751 Dumping page to ./html/COVID-19-austria.bmsgpk.20200401-1250.html 
20200401-125012.260 Parsing dump in ./html/COVID-19-austria.bmsgpk.20200401-1250.html 
20200401-125012.344 Last Updated 2020-04-01 08:00:00 
20200401-125012.350 Tested 55863 
20200401-125012.351 Confirmed 
20200401-125012.357 Confirmed 10192 
20200401-125012.364 Recovered 1095 
20200401-125012.370 Deaths 146 
20200401-125012.379 Calling scrapeHospitalisierung with 20200401-1250 
20200401-125012.417 Scraping https://www.sozialministerium.at/Informationen-zum-Coronavirus/Dashboard/Zahlen-zur-Hospitalisierung 
20200401-125012.418 Dumping page to ./html/COVID-19-austria.regions.20200401-1250.html 
20200401-125012.918 Reading dump from ./html/COVID-19-austria.regions.20200401-1250.html 
20200401-125012.945 Extracting table of Confirmed cases for 100+ regions 
20200401-125013.113 Calling scrapeInfo with 20200401-1250 
20200401-125013.145 Scraping using headless chrome for https://info.gesundheitsministerium.at/ 
20200401-125013.147 Dumping page to ./html/COVID-19-austria.info.20200401-1250.dmp 
20200401-125015.704 Analysing dump file ./html/COVID-19-austria.info.20200401-1250.dmp 
20200401-125015.752 Aktualisierung 2020-04-01 12:00:00 
20200401-125015.756 Erkrankungen 10387 
20200401-125015.758 Extracting table of Confirmed in 100+ regions 
20200401-125015.830 Writing new data to ./data/COVID-19-austria.csv 
20200401-125015.846 Writing new data to ./data/COVID-19-austria.hospital.csv 
20200401-125015.858 Writing new data to ./data/COVID-19-austria.regions.csv 
20200401-125015.883 Done runing data extraction from bmsgpk web pages 
20200401-163705.669 Running COVID-19-bmsgpk-extract.R 
20200401-163705.715 Calling scrapeCovid with 20200401-1637 
20200401-163705.821 Scraping "https://www.sozialministerium.at/Informationen-zum-Coronavirus/Neuartiges-Coronavirus-(2019-nCov).html" 
20200401-163705.822 Dumping page to ./html/COVID-19-austria.bmsgpk.20200401-1637.html 
20200401-163706.355 Parsing dump in ./html/COVID-19-austria.bmsgpk.20200401-1637.html 
20200401-163706.408 Last Updated 2020-04-01 15:00:00 
20200401-163706.416 Tested 55863 
20200401-163706.417 Confirmed 
20200401-163706.424 Confirmed 10482 
20200401-163706.430 Recovered 1436 
20200401-163706.436 Deaths 146 
20200401-163706.452 Calling scrapeHospitalisierung with 20200401-1637 
20200401-163706.501 Scraping https://www.sozialministerium.at/Informationen-zum-Coronavirus/Dashboard/Zahlen-zur-Hospitalisierung 
20200401-163706.502 Dumping page to ./html/COVID-19-austria.regions.20200401-1637.html 
20200401-163707.052 Reading dump from ./html/COVID-19-austria.regions.20200401-1637.html 
20200401-163707.071 Extracting table of Confirmed cases for 100+ regions 
20200401-163707.237 Calling scrapeInfo with 20200401-1637 
20200401-163707.278 Scraping using headless chrome for https://info.gesundheitsministerium.at/ 
20200401-163707.279 Dumping page to ./html/COVID-19-austria.info.20200401-1637.dmp 
20200401-163715.267 Analysing dump file ./html/COVID-19-austria.info.20200401-1637.dmp 
20200401-163715.335 Aktualisierung 2020-04-01 16:00:00 
20200401-163715.338 Erkrankungen 10501 
20200401-163715.339 Extracting table of Confirmed in 100+ regions 
20200401-163715.428 Writing new data to ./data/COVID-19-austria.csv 
20200401-163715.444 Writing new data to ./data/COVID-19-austria.hospital.csv 
20200401-163715.453 Writing new data to ./data/COVID-19-austria.regions.csv 
20200401-163715.479 Done runing data extraction from bmsgpk web pages 
20200402-124320.841 Running COVID-19-bmsgpk-extract.R 
20200402-124320.885 Calling scrapeCovid with 20200402-1243 
20200402-124320.979 Scraping "https://www.sozialministerium.at/Informationen-zum-Coronavirus/Neuartiges-Coronavirus-(2019-nCov).html" 
20200402-124320.981 Dumping page to ./html/COVID-19-austria.bmsgpk.20200402-1243.html 
20200402-124329.170 Parsing dump in ./html/COVID-19-austria.bmsgpk.20200402-1243.html 
20200402-124329.221 Last Updated 2020-04-02 08:00:00 
20200402-124329.227 Tested NA 
20200402-124329.228 Confirmed 
20200402-124329.235 Confirmed 10769 
20200402-124329.243 Recovered 1749 
20200402-124329.248 Deaths 158 
20200402-124329.258 Calling scrapeHospitalisierung with 20200402-1243 
20200402-124329.304 Scraping https://www.sozialministerium.at/Informationen-zum-Coronavirus/Dashboard/Zahlen-zur-Hospitalisierung 
20200402-124329.305 Dumping page to ./html/COVID-19-austria.regions.20200402-1243.html 
20200402-124330.217 Reading dump from ./html/COVID-19-austria.regions.20200402-1243.html 
20200402-124330.229 Extracting table of Confirmed cases for 100+ regions 
20200402-124330.386 Calling scrapeInfo with 20200402-1243 
20200402-124330.428 Scraping using headless chrome for https://info.gesundheitsministerium.at/ 
20200402-124330.430 Dumping page to ./html/COVID-19-austria.info.20200402-1243.dmp 
20200402-124338.434 Analysing dump file ./html/COVID-19-austria.info.20200402-1243.dmp 
20200402-124338.478 Aktualisierung 2020-04-02 12:00:00 
20200402-124338.482 Erkrankungen 10877 
20200402-124338.483 Extracting table of Confirmed in 100+ regions 
20200402-124338.547 Writing new data to ./data/COVID-19-austria.csv 
20200402-124338.561 Writing new data to ./data/COVID-19-austria.hospital.csv 
20200402-124338.570 Writing new data to ./data/COVID-19-austria.regions.csv 
20200402-124338.596 Done runing data extraction from bmsgpk web pages 
20200402-162445.196 Running COVID-19-bmsgpk-extract.R 
20200402-162445.234 Calling scrapeCovid with 20200402-1624 
20200402-162445.323 Scraping "https://www.sozialministerium.at/Informationen-zum-Coronavirus/Neuartiges-Coronavirus-(2019-nCov).html" 
20200402-162445.325 Dumping page to ./html/COVID-19-austria.bmsgpk.20200402-1624.html 
20200402-162445.800 Parsing dump in ./html/COVID-19-austria.bmsgpk.20200402-1624.html 
20200402-162445.849 Last Updated 2020-04-02 15:00:00 
20200402-162445.856 Tested NA 
20200402-162445.857 Confirmed 
20200402-162445.863 Confirmed 10967 
20200402-162445.870 Recovered 1749 
20200402-162445.876 Deaths 158 
20200402-162445.884 Calling scrapeHospitalisierung with 20200402-1624 
20200402-162445.922 Scraping https://www.sozialministerium.at/Informationen-zum-Coronavirus/Dashboard/Zahlen-zur-Hospitalisierung 
20200402-162445.923 Dumping page to ./html/COVID-19-austria.regions.20200402-1624.html 
20200402-162446.399 Reading dump from ./html/COVID-19-austria.regions.20200402-1624.html 
20200402-162446.423 Extracting table of Confirmed cases for 100+ regions 
20200402-162446.557 Calling scrapeInfo with 20200402-1624 
20200402-162446.591 Scraping using headless chrome for https://info.gesundheitsministerium.at/ 
20200402-162446.593 Dumping page to ./html/COVID-19-austria.info.20200402-1624.dmp 
20200402-162453.071 Analysing dump file ./html/COVID-19-austria.info.20200402-1624.dmp 
20200402-162453.114 Aktualisierung 2020-04-02 16:00:00 
20200402-162453.116 Erkrankungen 10996 
20200402-162453.117 Extracting table of Confirmed in 100+ regions 
20200402-162453.176 Writing new data to ./data/COVID-19-austria.csv 
20200402-162453.192 Writing new data to ./data/COVID-19-austria.hospital.csv 
20200402-162453.200 Writing new data to ./data/COVID-19-austria.regions.csv 
20200402-162453.222 Done runing data extraction from bmsgpk web pages 
20200403-111453.517 Running COVID-19-bmsgpk-extract.R 
20200403-111453.552 Calling scrapeCovid with 20200403-1114 
20200403-111453.645 Scraping "https://www.sozialministerium.at/Informationen-zum-Coronavirus/Neuartiges-Coronavirus-(2019-nCov).html" 
20200403-111453.647 Dumping page to ./html/COVID-19-austria.bmsgpk.20200403-1114.html 
20200403-111453.834 Parsing dump in ./html/COVID-19-austria.bmsgpk.20200403-1114.html 
20200403-111453.898 Last Updated 2020-04-03 08:00:00 
20200403-111453.906 Tested 98343 
20200403-111453.907 Confirmed 
20200403-111453.914 Confirmed 11171 
20200403-111453.921 Recovered 2022 
20200403-111453.931 Deaths 168 
20200403-111453.940 Calling scrapeHospitalisierung with 20200403-1114 
20200403-111453.981 Scraping https://www.sozialministerium.at/Informationen-zum-Coronavirus/Dashboard/Zahlen-zur-Hospitalisierung 
20200403-111453.982 Dumping page to ./html/COVID-19-austria.regions.20200403-1114.html 
20200403-111454.136 Reading dump from ./html/COVID-19-austria.regions.20200403-1114.html 
20200403-111454.149 Extracting table of Confirmed cases for 100+ regions 
20200403-111454.276 Calling scrapeInfo with 20200403-1114 
20200403-111454.319 Scraping using headless chrome for https://info.gesundheitsministerium.at/ 
20200403-111454.320 Dumping page to ./html/COVID-19-austria.info.20200403-1114.dmp 
20200403-111456.421 Analysing dump file ./html/COVID-19-austria.info.20200403-1114.dmp 
20200403-111456.465 Aktualisierung 2020-04-03 11:00:00 
20200403-111456.467 Erkrankungen 11238 
20200403-111456.468 Extracting table of Confirmed in 100+ regions 
20200403-111456.530 Writing new data to ./data/COVID-19-austria.csv 
20200403-111456.544 Writing new data to ./data/COVID-19-austria.hospital.csv 
20200403-111456.553 Writing new data to ./data/COVID-19-austria.regions.csv 
20200403-111456.574 Done runing data extraction from bmsgpk web pages 
